<?xml version="1.0" encoding="UTF-8"?>
<!-- Generated by org.testng.reporters.JUnitReportReporter -->
<testsuite skipped="0" hostname="DESKTOP-8RSEAS0" name="tests.VerifyVersionTest" tests="1" failures="0" timestamp="08 Jan 2019 12:59:04 GMT" time="15.127" errors="0">
  <testcase name="testVerifyVersion" time="15.127" classname="tests.VerifyVersionTest"/>
</testsuite> <!-- tests.VerifyVersionTest -->
